2020-03-17 22:58:25,364 - instabot version: 0.116.0 (bot) - INFO - Instabot version: 0.116.0 Started
2020-03-17 22:58:25,364 - instabot version: 0.116.0 (bot) - DEBUG - Bot imported from C:\Users\thecosmos\AppData\Local\Programs\Python\Python38\lib\site-packages\instabot\bot\bot.py
2020-03-17 22:58:25,365 - instabot version: 0.116.0 (api_login) - DEBUG - Loading cookies
2020-03-17 22:58:25,365 - instabot version: 0.116.0 (api_login) - DEBUG - Loading uuids
2020-03-17 22:58:25,365 - instabot version: 0.116.0 (api_login) - INFO - Recovery from D:\thecosmos\projects\instagram-bot/config/__thecosmos_uuid_and_cookie.json: COOKIE True - UUIDs True - TIMING, DEVICE and ...
- user-agent=Instagram 117.0.0.28.123 Android (28/9.0; 420dpi; 1080x1920; OnePlus; ONEPLUS A3003; OnePlus3; qcom; en_US; 180322800)
- phone_id=59ca74ca-9461-43c2-b3ae-54967a13bfd9
- uuid=c5093d0c-2be2-4c38-b424-644c55de6653
- client_session_id=dee94f0c-82df-43f0-9900-b9c3fe5b2317
- device_id=android-5dd70d6b30907de0
2020-03-17 22:58:25,367 - instabot version: 0.116.0 (api_login) - INFO - LOGIN FLOW! Just logged-in: False
2020-03-17 22:58:27,471 - instabot version: 0.116.0 (api) - DEBUG - POST to endpoint: feed/timeline/ returned response: <Response [200]>
2020-03-17 22:58:29,836 - instabot version: 0.116.0 (api) - DEBUG - POST to endpoint: feed/reels_tray/ returned response: <Response [200]>
2020-03-17 22:58:29,837 - instabot version: 0.116.0 (api) - INFO - Logged-in successfully as '__thecosmos'!
2020-03-17 22:58:29,838 - instabot version: 0.116.0 (bot_checkpoint) - DEBUG - Loading Checkpoint file from: D:\thecosmos\projects\instagram-bot/config/__thecosmos.checkpoint
2020-03-17 22:58:36,141 - instabot version: 0.116.0 (api) - DEBUG - GET to endpoint: users/2376617323/info/ returned response: <Response [200]>
2020-03-17 22:58:44,330 - instabot version: 0.116.0 (api) - DEBUG - GET to endpoint: friendships/2376617323/following/?max_id=&ig_sig_key_version=4&rank_token=2376617323_c5093d0c-2be2-4c38-b424-644c55de6653 returned response: <Response [200]>
2020-03-17 22:58:44,342 - instabot version: 0.116.0 (bot_unfollow) - INFO - Going to unfollow 3142 users.
2020-03-17 22:58:45,215 - instabot version: 0.116.0 (api) - DEBUG - GET to endpoint: users/4292807218/info/ returned response: <Response [200]>
2020-03-17 22:58:45,215 - instabot version: 0.116.0 (bot_unfollow) - INFO - Going to unfollow `user_id` 4292807218 with username claudineide_c_soares.
2020-03-17 22:58:47,454 - instabot version: 0.116.0 (api) - DEBUG - POST to endpoint: friendships/destroy/4292807218/ returned response: <Response [200]>
2020-03-17 22:58:47,454 - instabot version: 0.116.0 (bot_unfollow) - INFO - Unfollowed `user_id` 4292807218 with username claudineide_c_soares
2020-03-17 22:58:48,414 - instabot version: 0.116.0 (api) - DEBUG - GET to endpoint: users/41906159/info/ returned response: <Response [200]>
2020-03-17 22:58:48,414 - instabot version: 0.116.0 (bot_unfollow) - INFO - Going to unfollow `user_id` 41906159 with username bombayfooddiary.
