2020-03-17 22:56:28,080 - instabot version: 0.116.0 (bot) - INFO - Instabot version: 0.116.0 Started
2020-03-17 22:56:28,080 - instabot version: 0.116.0 (bot) - DEBUG - Bot imported from C:\Users\thecosmos\AppData\Local\Programs\Python\Python38\lib\site-packages\instabot\bot\bot.py
2020-03-17 22:56:28,081 - instabot version: 0.116.0 (api_login) - INFO - Not yet logged in starting: PRE-LOGIN FLOW!
2020-03-17 22:56:28,575 - instabot version: 0.116.0 (api) - DEBUG - POST to endpoint: accounts/get_prefill_candidates/ returned response: <Response [200]>
2020-03-17 22:56:29,119 - instabot version: 0.116.0 (api) - DEBUG - POST to endpoint: qe/sync/ returned response: <Response [200]>
2020-03-17 22:56:29,570 - instabot version: 0.116.0 (api) - DEBUG - POST to endpoint: launcher/sync/ returned response: <Response [200]>
2020-03-17 22:56:30,047 - instabot version: 0.116.0 (api) - DEBUG - POST to endpoint: accounts/contact_point_prefill/ returned response: <Response [200]>
2020-03-17 22:56:32,123 - instabot version: 0.116.0 (api) - DEBUG - POST to endpoint: accounts/login/ returned response: <Response [200]>
2020-03-17 22:56:32,123 - instabot version: 0.116.0 (api) - INFO - Logged-in successfully as '__thecosmos'!
2020-03-17 22:56:32,123 - instabot version: 0.116.0 (api_login) - INFO - LOGIN FLOW! Just logged-in: True
2020-03-17 22:56:32,735 - instabot version: 0.116.0 (api) - DEBUG - POST to endpoint: qe/sync/ returned response: <Response [200]>
2020-03-17 22:56:33,375 - instabot version: 0.116.0 (api) - DEBUG - POST to endpoint: launcher/sync/ returned response: <Response [200]>
2020-03-17 22:56:33,933 - instabot version: 0.116.0 (api) - DEBUG - GET to endpoint: zr/token/result/?device_id=android-5dd70d6b30907de0&token_hash=&custom_device_id=android-5dd70d6b30907de0&fetch_reason=token_expired returned response: <Response [200]>
2020-03-17 22:56:34,434 - instabot version: 0.116.0 (api) - DEBUG - GET to endpoint: multiple_accounts/get_account_family/ returned response: <Response [200]>
2020-03-17 22:56:34,989 - instabot version: 0.116.0 (api) - DEBUG - POST to endpoint: qe/sync/ returned response: <Response [200]>
2020-03-17 22:56:35,964 - instabot version: 0.116.0 (api) - DEBUG - GET to endpoint: igtv/browse_feed/?prefetch=1 returned response: <Response [200]>
2020-03-17 22:56:36,575 - instabot version: 0.116.0 (api) - DEBUG - POST to endpoint: creatives/ar_class/ returned response: <Response [200]>
2020-03-17 22:56:38,817 - instabot version: 0.116.0 (api) - DEBUG - POST to endpoint: feed/reels_tray/ returned response: <Response [200]>
2020-03-17 22:56:40,633 - instabot version: 0.116.0 (api) - DEBUG - POST to endpoint: feed/timeline/ returned response: <Response [200]>
2020-03-17 22:56:41,375 - instabot version: 0.116.0 (api) - DEBUG - GET to endpoint: media/blocked/ returned response: <Response [200]>
2020-03-17 22:56:42,378 - instabot version: 0.116.0 (api) - DEBUG - GET to endpoint: news/inbox/ returned response: <Response [200]>
2020-03-17 22:56:42,982 - instabot version: 0.116.0 (api) - DEBUG - GET to endpoint: loom/fetch_config/ returned response: <Response [200]>
2020-03-17 22:56:49,060 - instabot version: 0.116.0 (api) - DEBUG - GET to endpoint: scores/bootstrap/users/?surfaces=["autocomplete_user_list","coefficient_besties_list_ranking","coefficient_rank_recipient_user_suggestion","coefficient_ios_section_test_bootstrap_ranking","coefficient_direct_recipients_ranking_variant_2"] returned response: <Response [200]>
2020-03-17 22:56:49,565 - instabot version: 0.116.0 (api) - DEBUG - GET to endpoint: business/eligibility/get_monetization_products_eligibility_data/?product_types=branded_content returned response: <Response [200]>
2020-03-17 22:56:50,334 - instabot version: 0.116.0 (api) - DEBUG - GET to endpoint: business/branded_content/should_require_professional_account/ returned response: <Response [200]>
2020-03-17 22:56:50,915 - instabot version: 0.116.0 (api) - DEBUG - GET to endpoint: linked_accounts/get_linkage_status/ returned response: <Response [200]>
2020-03-17 22:56:51,615 - instabot version: 0.116.0 (api) - DEBUG - GET to endpoint: locations/request_country/ returned response: <Response [200]>
2020-03-17 22:56:52,255 - instabot version: 0.116.0 (api) - DEBUG - GET to endpoint: qp/get_cooldowns/?signed_body=signed_body=4b9c516a5410a3bc128e09c6104a7f042146b9c2023870560c63a43a7f66781c.4&ig_sig_key_version=4&ig_sig_key_version=4 returned response: <Response [200]>
2020-03-17 22:56:52,902 - instabot version: 0.116.0 (api) - DEBUG - GET to endpoint: users/arlink_download_info/?version_override=2.2.1 returned response: <Response [200]>
2020-03-17 22:56:53,766 - instabot version: 0.116.0 (api) - DEBUG - GET to endpoint: users/2376617323/info/ returned response: <Response [200]>
2020-03-17 22:56:54,494 - instabot version: 0.116.0 (api) - DEBUG - GET to endpoint: direct_v2/get_presence/ returned response: <Response [200]>
2020-03-17 22:56:55,548 - instabot version: 0.116.0 (api) - DEBUG - GET to endpoint: direct_v2/inbox/?visual_message_return_type=unseen&thread_message_limit=10&persistentBadging=true&limit=20 returned response: <Response [200]>
2020-03-17 22:56:56,058 - instabot version: 0.116.0 (api) - DEBUG - GET to endpoint: direct_v2/inbox/?visual_message_return_type=unseen&persistentBadging=true&limit=0 returned response: <Response [200]>
2020-03-17 22:56:58,850 - instabot version: 0.116.0 (api) - DEBUG - GET to endpoint: discover/topical_explore/?is_prefetch=true&omit_cover_media=true&use_sectional_payload=true&timezone_offset=0&session_id=dee94f0c-82df-43f0-9900-b9c3fe5b2317&include_fixed_destinations=true returned response: <Response [200]>
2020-03-17 22:56:59,622 - instabot version: 0.116.0 (api) - DEBUG - POST to endpoint: notifications/badge/ returned response: <Response [200]>
2020-03-17 22:57:00,574 - instabot version: 0.116.0 (api) - DEBUG - POST to endpoint: qp/batch_fetch/ returned response: <Response [200]>
2020-03-17 22:57:00,575 - instabot version: 0.116.0 (bot_checkpoint) - DEBUG - Loading Checkpoint file from: D:\thecosmos\projects\instagram-bot/config/__thecosmos.checkpoint
2020-03-17 22:57:00,576 - instabot version: 0.116.0 (bot_checkpoint) - DEBUG - Saving Checkpoint file to: D:\thecosmos\projects\instagram-bot/config/__thecosmos.checkpoint
2020-03-17 22:57:00,576 - instabot version: 0.116.0 (bot) - INFO - Total requests: 31
