2020-03-17 22:56:02,038 - instabot version: 0.116.0 (bot) - INFO - Instabot version: 0.116.0 Started
2020-03-17 22:56:02,039 - instabot version: 0.116.0 (bot) - DEBUG - Bot imported from C:\Users\thecosmos\AppData\Local\Programs\Python\Python38\lib\site-packages\instabot\bot\bot.py
2020-03-17 22:56:02,039 - instabot version: 0.116.0 (api_login) - INFO - Not yet logged in starting: PRE-LOGIN FLOW!
2020-03-17 22:56:02,655 - instabot version: 0.116.0 (api) - DEBUG - POST to endpoint: accounts/get_prefill_candidates/ returned response: <Response [200]>
2020-03-17 22:56:03,295 - instabot version: 0.116.0 (api) - DEBUG - POST to endpoint: qe/sync/ returned response: <Response [200]>
2020-03-17 22:56:03,796 - instabot version: 0.116.0 (api) - DEBUG - POST to endpoint: launcher/sync/ returned response: <Response [200]>
2020-03-17 22:56:04,253 - instabot version: 0.116.0 (api) - DEBUG - POST to endpoint: accounts/contact_point_prefill/ returned response: <Response [200]>
2020-03-17 22:56:06,497 - instabot version: 0.116.0 (api) - DEBUG - POST to endpoint: accounts/login/ returned response: <Response [200]>
2020-03-17 22:56:06,497 - instabot version: 0.116.0 (api) - INFO - Logged-in successfully as '__thecosmos'!
2020-03-17 22:56:06,497 - instabot version: 0.116.0 (api_login) - INFO - LOGIN FLOW! Just logged-in: True
2020-03-17 22:56:07,163 - instabot version: 0.116.0 (api) - DEBUG - POST to endpoint: qe/sync/ returned response: <Response [200]>
2020-03-17 22:56:07,774 - instabot version: 0.116.0 (api) - DEBUG - POST to endpoint: launcher/sync/ returned response: <Response [200]>
2020-03-17 22:56:08,273 - instabot version: 0.116.0 (api) - DEBUG - GET to endpoint: zr/token/result/?device_id=android-5dd70d6b30907de0&token_hash=&custom_device_id=android-5dd70d6b30907de0&fetch_reason=token_expired returned response: <Response [200]>
2020-03-17 22:56:09,055 - instabot version: 0.116.0 (api) - DEBUG - GET to endpoint: multiple_accounts/get_account_family/ returned response: <Response [200]>
2020-03-17 22:56:09,639 - instabot version: 0.116.0 (api) - DEBUG - POST to endpoint: qe/sync/ returned response: <Response [200]>
2020-03-17 22:56:11,095 - instabot version: 0.116.0 (api) - DEBUG - GET to endpoint: igtv/browse_feed/?prefetch=1 returned response: <Response [200]>
2020-03-17 22:56:11,935 - instabot version: 0.116.0 (api) - DEBUG - POST to endpoint: creatives/ar_class/ returned response: <Response [200]>
2020-03-17 22:56:14,511 - instabot version: 0.116.0 (api) - DEBUG - POST to endpoint: feed/reels_tray/ returned response: <Response [200]>
2020-03-17 22:56:17,918 - instabot version: 0.116.0 (api) - DEBUG - POST to endpoint: feed/timeline/ returned response: <Response [200]>
2020-03-17 22:56:18,656 - instabot version: 0.116.0 (api) - DEBUG - GET to endpoint: media/blocked/ returned response: <Response [200]>
2020-03-17 22:56:19,678 - instabot version: 0.116.0 (api) - DEBUG - GET to endpoint: news/inbox/ returned response: <Response [200]>
2020-03-17 22:56:20,163 - instabot version: 0.116.0 (api) - DEBUG - GET to endpoint: loom/fetch_config/ returned response: <Response [200]>
2020-03-17 22:56:24,546 - instabot version: 0.116.0 (api) - DEBUG - GET to endpoint: scores/bootstrap/users/?surfaces=["autocomplete_user_list","coefficient_besties_list_ranking","coefficient_rank_recipient_user_suggestion","coefficient_ios_section_test_bootstrap_ranking","coefficient_direct_recipients_ranking_variant_2"] returned response: <Response [200]>
2020-03-17 22:56:25,099 - instabot version: 0.116.0 (api) - DEBUG - GET to endpoint: business/eligibility/get_monetization_products_eligibility_data/?product_types=branded_content returned response: <Response [200]>
2020-03-17 22:56:25,607 - instabot version: 0.116.0 (api) - DEBUG - GET to endpoint: business/branded_content/should_require_professional_account/ returned response: <Response [200]>
2020-03-17 22:56:26,339 - instabot version: 0.116.0 (api) - DEBUG - GET to endpoint: linked_accounts/get_linkage_status/ returned response: <Response [200]>
2020-03-17 22:56:26,974 - instabot version: 0.116.0 (api) - DEBUG - GET to endpoint: locations/request_country/ returned response: <Response [200]>
2020-03-17 22:56:27,615 - instabot version: 0.116.0 (api) - DEBUG - GET to endpoint: qp/get_cooldowns/?signed_body=signed_body=4b9c516a5410a3bc128e09c6104a7f042146b9c2023870560c63a43a7f66781c.4&ig_sig_key_version=4&ig_sig_key_version=4 returned response: <Response [200]>
